

Microchip MPLAB XC8 Assembler V2.10 build 88905656 
                                                                                               Thu Apr 02 14:27:12 2020

Microchip MPLAB XC8 C Compiler v2.10 (Free license) build 20190730164152 Og1 
     1                           	processor	18F47Q10
     2                           	fnconf	rparam,??,?,0
     3                           	opt	pw 120
     4                           	opt	flic
     5                           	psect	nvCOMRAM,global,class=COMRAM,space=1,delta=1,noexec
     6                           	psect	cinit,global,reloc=2,class=CODE,delta=1
     7                           	psect	cstackCOMRAM,global,class=COMRAM,space=1,delta=1,noexec
     8                           	psect	text0,global,reloc=2,class=CODE,delta=1
     9                           	psect	text1,global,reloc=2,class=CODE,delta=1
    10                           	psect	text2,global,reloc=2,class=CODE,delta=1
    11                           	psect	text3,global,reloc=2,class=CODE,delta=1
    12                           	psect	text4,global,reloc=2,class=CODE,delta=1
    13                           	psect	text5,global,reloc=2,class=CODE,delta=1
    14                           	psect	text6,global,reloc=2,class=CODE,delta=1
    15                           	psect	text7,global,reloc=2,class=CODE,delta=1
    16                           	psect	intcode,global,reloc=2,class=CODE,delta=1
    17                           	psect	text9,global,reloc=2,class=CODE,delta=1
    18                           	psect	text10,global,reloc=2,class=CODE,delta=1
    19                           	psect	text11,global,reloc=2,class=CODE,delta=1
    20                           	psect	intsave_regs,global,class=BIGRAM,space=1,delta=1,noexec
    21                           	psect	text12,global,reloc=2,class=CODE,delta=1
    22                           	psect	rparam,global,class=COMRAM,space=1,delta=1,noexec
    23                           	psect	temp,global,ovrld,common,class=COMRAM,space=1,delta=1
    24  0000                     
    25                           ; Version 2.10
    26                           ; Generated 31/07/2019 GMT
    27                           ; 
    28                           ; Copyright © 2019, Microchip Technology Inc. and its subsidiaries ("Microchip")
    29                           ; All rights reserved.
    30                           ; 
    31                           ; This software is developed by Microchip Technology Inc. and its subsidiaries ("Microch
      +                          ip").
    32                           ; 
    33                           ; Redistribution and use in source and binary forms, with or without modification, are
    34                           ; permitted provided that the following conditions are met:
    35                           ; 
    36                           ;     1. Redistributions of source code must retain the above copyright notice, this lis
      +                          t of
    37                           ;        conditions and the following disclaimer.
    38                           ; 
    39                           ;     2. Redistributions in binary form must reproduce the above copyright notice, this 
      +                          list
    40                           ;        of conditions and the following disclaimer in the documentation and/or other
    41                           ;        materials provided with the distribution.
    42                           ; 
    43                           ;     3. Microchip's name may not be used to endorse or promote products derived from th
      +                          is
    44                           ;        software without specific prior written permission.
    45                           ; 
    46                           ; THIS SOFTWARE IS PROVIDED BY MICROCHIP "AS IS" AND ANY EXPRESS OR IMPLIED WARRANTIES,
    47                           ; INCLUDING, BUT NOT LIMITED TO, THE IMPLIED WARRANTIES OF MERCHANTABILITY AND FITNESS F
      +                          OR
    48                           ; PURPOSE ARE DISCLAIMED.  IN NO EVENT SHALL MICROCHIP BE LIABLE FOR ANY DIRECT, INDIREC
      +                          T,
    49                           ; INCIDENTAL, SPECIAL, EXEMPLARY, OR CONSEQUENTIAL DAMAGES (INCLUDING BUT NOT LIMITED TO
    50                           ; PROCUREMENT OF SUBSTITUTE GOODS OR SERVICES; LOSS OF USE, DATA OR PROFITS; OR BUSINESS
    51                           ; INTERRUPTION) HOWSOEVER CAUSED AND ON ANY THEORY OF LIABILITY, WHETHER IN CONTRACT, ST
      +                          RICT
    52                           ; LIABILITY, OR TORT (INCLUDING NEGLIGENCE OR OTHERWISE) ARISING IN ANY WAY OUT OF THE U
      +                          SE OF
    53                           ; THIS SOFTWARE, EVEN IF ADVISED OF THE POSSIBILITY OF SUCH DAMAGE.
    54                           ; 
    55                           ; 
    56                           ; Code-generator required, PIC18F47Q10 Definitions
    57                           ; 
    58                           ; SFR Addresses
    59  0000                     
    60                           	psect	nvCOMRAM
    61  000007                     __pnvCOMRAM:
    62                           	opt callstack 0
    63  000007                     _TMR0_InterruptHandler:
    64                           	opt callstack 0
    65  000007                     	ds	3
    66  0000                     _PMD5	set	3809
    67  0000                     _PMD4	set	3808
    68  0000                     _PMD3	set	3807
    69  0000                     _PMD2	set	3806
    70  0000                     _PMD1	set	3805
    71  0000                     _PMD0	set	3804
    72  0000                     _OSCTUNE	set	3800
    73  0000                     _OSCFRQ	set	3801
    74  0000                     _OSCEN	set	3799
    75  0000                     _OSCCON3	set	3797
    76  0000                     _OSCCON1	set	3795
    77  0000                     _PIE0bits	set	3773
    78  0000                     _PIR0bits	set	3781
    79  0000                     _INLVLE	set	3877
    80  0000                     _INLVLD	set	3869
    81  0000                     _INLVLC	set	3864
    82  0000                     _INLVLB	set	3856
    83  0000                     _INLVLA	set	3848
    84  0000                     _SLRCONE	set	3878
    85  0000                     _SLRCOND	set	3870
    86  0000                     _SLRCONC	set	3865
    87  0000                     _SLRCONB	set	3857
    88  0000                     _SLRCONA	set	3849
    89  0000                     _ODCOND	set	3871
    90  0000                     _ODCONC	set	3866
    91  0000                     _ODCONB	set	3858
    92  0000                     _ODCONA	set	3850
    93  0000                     _ODCONE	set	3879
    94  0000                     _WPUC	set	3867
    95  0000                     _WPUA	set	3851
    96  0000                     _WPUB	set	3859
    97  0000                     _WPUE	set	3880
    98  0000                     _WPUD	set	3872
    99  0000                     _ANSELA	set	3852
   100  0000                     _ANSELE	set	3881
   101  0000                     _ANSELB	set	3860
   102  0000                     _ANSELC	set	3868
   103  0000                     _ANSELD	set	3873
   104  0000                     _LATEbits	set	3974
   105  0000                     _TRISD	set	3978
   106  0000                     _TRISC	set	3977
   107  0000                     _TRISB	set	3976
   108  0000                     _TRISA	set	3975
   109  0000                     _TRISE	set	3979
   110  0000                     _LATC	set	3972
   111  0000                     _LATB	set	3971
   112  0000                     _LATA	set	3970
   113  0000                     _LATD	set	3973
   114  0000                     _LATE	set	3974
   115  0000                     _INTCONbits	set	4082
   116  0000                     _T0CON0bits	set	4052
   117  0000                     _T0CON0	set	4052
   118  0000                     _TMR0L	set	4050
   119  0000                     _TMR0H	set	4051
   120  0000                     _T0CON1	set	4053
   121                           
   122                           ; #config settings
   123  0000                     
   124                           	psect	cinit
   125  0001AA                     __pcinit:
   126                           	opt callstack 0
   127  0001AA                     start_initialization:
   128                           	opt callstack 0
   129  0001AA                     __initialization:
   130                           	opt callstack 0
   131  0001AA                     end_of_initialization:
   132                           	opt callstack 0
   133  0001AA                     __end_of__initialization:
   134                           	opt callstack 0
   135  0001AA  900A               	bcf	int$flags,0,c	;clear compiler interrupt flag (level 1)
   136  0001AC  920A               	bcf	int$flags,1,c	;clear compiler interrupt flag (level 2)
   137  0001AE  0100               	movlb	0
   138  0001B0  EF99  F000         	goto	_main	;jump to C main() function
   139                           
   140                           	psect	cstackCOMRAM
   141  000001                     __pcstackCOMRAM:
   142                           	opt callstack 0
   143  000001                     ??_TMR0_compareInterrupt:
   144  000001                     
   145                           ; 1 bytes @ 0x0
   146  000001                     	ds	1
   147  000002                     ??_INTERRUPT_InterruptManager:
   148                           
   149                           ; 1 bytes @ 0x1
   150  000002                     	ds	2
   151  000004                     TMR0_SetInterruptHandler@InterruptHandler:
   152                           	opt callstack 0
   153                           
   154                           ; 3 bytes @ 0x3
   155  000004                     	ds	3
   156  000007                     
   157                           ; 1 bytes @ 0x6
   158 ;;
   159 ;;Main: autosize = 0, tempsize = 0, incstack = 0, save=0
   160 ;;
   161 ;; *************** function _main *****************
   162 ;; Defined at:
   163 ;;		line 51 in file "main.c"
   164 ;; Parameters:    Size  Location     Type
   165 ;;		None
   166 ;; Auto vars:     Size  Location     Type
   167 ;;		None
   168 ;; Return value:  Size  Location     Type
   169 ;;                  1    wreg      void 
   170 ;; Registers used:
   171 ;;		wreg, status,2, status,0, cstack
   172 ;; Tracked objects:
   173 ;;		On entry : 0/0
   174 ;;		On exit  : 0/0
   175 ;;		Unchanged: 0/0
   176 ;; Data sizes:     COMRAM   BANK0   BANK1   BANK2   BANK3   BANK4   BANK5   BANK6   BANK7   BANK8   BANK9  BANK10  BANK1
      +1  BANK12  BANK14
   177 ;;      Params:         0       0       0       0       0       0       0       0       0       0       0       0       
      +0       0       0
   178 ;;      Locals:         0       0       0       0       0       0       0       0       0       0       0       0       
      +0       0       0
   179 ;;      Temps:          0       0       0       0       0       0       0       0       0       0       0       0       
      +0       0       0
   180 ;;      Totals:         0       0       0       0       0       0       0       0       0       0       0       0       
      +0       0       0
   181 ;;Total ram usage:        0 bytes
   182 ;; Hardware stack levels required when called:    6
   183 ;; This function calls:
   184 ;;		_SYSTEM_Initialize
   185 ;;		_TMR0_SetInterruptHandler
   186 ;; This function is called by:
   187 ;;		Startup code after reset
   188 ;; This function uses a non-reentrant model
   189 ;;
   190                           
   191                           	psect	text0
   192  000132                     __ptext0:
   193                           	opt callstack 0
   194  000132                     _main:
   195                           	opt callstack 25
   196  000132                     
   197                           ;main.c: 54:     SYSTEM_Initialize();
   198  000132  ECC3  F000         	call	_SYSTEM_Initialize	;wreg free
   199  000136                     
   200                           ;main.c: 61:     (INTCONbits.GIE = 1);
   201  000136  8EF2               	bsf	242,7,c	;volatile
   202  000138                     
   203                           ;main.c: 67:     (INTCONbits.PEIE = 1);
   204  000138  8CF2               	bsf	242,6,c	;volatile
   205                           
   206                           ;main.c: 72:     TMR0_SetInterruptHandler(TMR0_compareInterrupt);
   207  00013A  0E10               	movlw	low _TMR0_compareInterrupt
   208  00013C  6E04               	movwf	TMR0_SetInterruptHandler@InterruptHandler^0,c
   209  00013E  0E01               	movlw	high _TMR0_compareInterrupt
   210  000140  6E05               	movwf	(TMR0_SetInterruptHandler@InterruptHandler+1)^0,c
   211  000142  0E00               	movlw	low (_TMR0_compareInterrupt shr (0+16))
   212  000144  6E06               	movwf	(TMR0_SetInterruptHandler@InterruptHandler+2)^0,c
   213  000146  ECCE  F000         	call	_TMR0_SetInterruptHandler	;wreg free
   214  00014A                     l198:
   215  00014A  EFA5  F000         	goto	l198
   216  00014E  EF20  F000         	goto	start
   217  000152                     __end_of_main:
   218                           	opt callstack 0
   219                           
   220 ;; *************** function _SYSTEM_Initialize *****************
   221 ;; Defined at:
   222 ;;		line 50 in file "mcc_generated_files/mcc.c"
   223 ;; Parameters:    Size  Location     Type
   224 ;;		None
   225 ;; Auto vars:     Size  Location     Type
   226 ;;		None
   227 ;; Return value:  Size  Location     Type
   228 ;;                  1    wreg      void 
   229 ;; Registers used:
   230 ;;		wreg, status,2, status,0, cstack
   231 ;; Tracked objects:
   232 ;;		On entry : 0/0
   233 ;;		On exit  : 0/0
   234 ;;		Unchanged: 0/0
   235 ;; Data sizes:     COMRAM   BANK0   BANK1   BANK2   BANK3   BANK4   BANK5   BANK6   BANK7   BANK8   BANK9  BANK10  BANK1
      +1  BANK12  BANK14
   236 ;;      Params:         0       0       0       0       0       0       0       0       0       0       0       0       
      +0       0       0
   237 ;;      Locals:         0       0       0       0       0       0       0       0       0       0       0       0       
      +0       0       0
   238 ;;      Temps:          0       0       0       0       0       0       0       0       0       0       0       0       
      +0       0       0
   239 ;;      Totals:         0       0       0       0       0       0       0       0       0       0       0       0       
      +0       0       0
   240 ;;Total ram usage:        0 bytes
   241 ;; Hardware stack levels used:    1
   242 ;; Hardware stack levels required when called:    5
   243 ;; This function calls:
   244 ;;		_INTERRUPT_Initialize
   245 ;;		_OSCILLATOR_Initialize
   246 ;;		_PIN_MANAGER_Initialize
   247 ;;		_PMD_Initialize
   248 ;;		_TMR0_Initialize
   249 ;; This function is called by:
   250 ;;		_main
   251 ;; This function uses a non-reentrant model
   252 ;;
   253                           
   254                           	psect	text1
   255  000186                     __ptext1:
   256                           	opt callstack 0
   257  000186                     _SYSTEM_Initialize:
   258                           	opt callstack 25
   259  000186                     
   260                           ;mcc_generated_files/mcc.c: 52:     INTERRUPT_Initialize();
   261  000186  ECDA  F000         	call	_INTERRUPT_Initialize	;wreg free
   262  00018A                     
   263                           ;mcc_generated_files/mcc.c: 53:     PMD_Initialize();
   264  00018A  ECA9  F000         	call	_PMD_Initialize	;wreg free
   265  00018E                     
   266                           ;mcc_generated_files/mcc.c: 54:     PIN_MANAGER_Initialize();
   267  00018E  EC22  F000         	call	_PIN_MANAGER_Initialize	;wreg free
   268  000192                     
   269                           ;mcc_generated_files/mcc.c: 55:     OSCILLATOR_Initialize();
   270  000192  ECB7  F000         	call	_OSCILLATOR_Initialize	;wreg free
   271  000196                     
   272                           ;mcc_generated_files/mcc.c: 56:     TMR0_Initialize();
   273  000196  EC74  F000         	call	_TMR0_Initialize	;wreg free
   274  00019A  0012               	return		;funcret
   275  00019C                     __end_of_SYSTEM_Initialize:
   276                           	opt callstack 0
   277                           
   278 ;; *************** function _TMR0_Initialize *****************
   279 ;; Defined at:
   280 ;;		line 61 in file "mcc_generated_files/tmr0.c"
   281 ;; Parameters:    Size  Location     Type
   282 ;;		None
   283 ;; Auto vars:     Size  Location     Type
   284 ;;		None
   285 ;; Return value:  Size  Location     Type
   286 ;;                  1    wreg      void 
   287 ;; Registers used:
   288 ;;		wreg, status,2, status,0, cstack
   289 ;; Tracked objects:
   290 ;;		On entry : 0/0
   291 ;;		On exit  : 0/0
   292 ;;		Unchanged: 0/0
   293 ;; Data sizes:     COMRAM   BANK0   BANK1   BANK2   BANK3   BANK4   BANK5   BANK6   BANK7   BANK8   BANK9  BANK10  BANK1
      +1  BANK12  BANK14
   294 ;;      Params:         0       0       0       0       0       0       0       0       0       0       0       0       
      +0       0       0
   295 ;;      Locals:         0       0       0       0       0       0       0       0       0       0       0       0       
      +0       0       0
   296 ;;      Temps:          0       0       0       0       0       0       0       0       0       0       0       0       
      +0       0       0
   297 ;;      Totals:         0       0       0       0       0       0       0       0       0       0       0       0       
      +0       0       0
   298 ;;Total ram usage:        0 bytes
   299 ;; Hardware stack levels used:    1
   300 ;; Hardware stack levels required when called:    4
   301 ;; This function calls:
   302 ;;		_TMR0_SetInterruptHandler
   303 ;; This function is called by:
   304 ;;		_SYSTEM_Initialize
   305 ;; This function uses a non-reentrant model
   306 ;;
   307                           
   308                           	psect	text2
   309  0000E8                     __ptext2:
   310                           	opt callstack 0
   311  0000E8                     _TMR0_Initialize:
   312                           	opt callstack 25
   313  0000E8                     
   314                           ;mcc_generated_files/tmr0.c: 66:     T0CON1 = 0x94;
   315  0000E8  0E94               	movlw	148
   316  0000EA  6ED5               	movwf	213,c	;volatile
   317                           
   318                           ;mcc_generated_files/tmr0.c: 69:     TMR0H = 0xC1;
   319  0000EC  0EC1               	movlw	193
   320  0000EE  6ED3               	movwf	211,c	;volatile
   321                           
   322                           ;mcc_generated_files/tmr0.c: 72:     TMR0L = 0x00;
   323  0000F0  0E00               	movlw	0
   324  0000F2  6ED2               	movwf	210,c	;volatile
   325  0000F4                     
   326                           ;mcc_generated_files/tmr0.c: 75:     PIR0bits.TMR0IF = 0;
   327  0000F4  010E               	movlb	14	; () banked
   328  0000F6  9BC5               	bcf	197,5,b	;volatile
   329  0000F8                     
   330                           ; BSR set to: 14
   331                           ;mcc_generated_files/tmr0.c: 78:     PIE0bits.TMR0IE = 1;
   332  0000F8  8BBD               	bsf	189,5,b	;volatile
   333  0000FA                     
   334                           ; BSR set to: 14
   335                           ;mcc_generated_files/tmr0.c: 81:     TMR0_SetInterruptHandler(TMR0_DefaultInterruptHandl
      +                          er);
   336  0000FA  0EB8               	movlw	low _TMR0_DefaultInterruptHandler
   337  0000FC  6E04               	movwf	TMR0_SetInterruptHandler@InterruptHandler^0,c
   338  0000FE  0E01               	movlw	high _TMR0_DefaultInterruptHandler
   339  000100  6E05               	movwf	(TMR0_SetInterruptHandler@InterruptHandler+1)^0,c
   340  000102  0E00               	movlw	low (_TMR0_DefaultInterruptHandler shr (0+16))
   341  000104  6E06               	movwf	(TMR0_SetInterruptHandler@InterruptHandler+2)^0,c
   342  000106  ECCE  F000         	call	_TMR0_SetInterruptHandler	;wreg free
   343  00010A                     
   344                           ;mcc_generated_files/tmr0.c: 84:     T0CON0 = 0x80;
   345  00010A  0E80               	movlw	128
   346  00010C  6ED4               	movwf	212,c	;volatile
   347  00010E  0012               	return		;funcret
   348  000110                     __end_of_TMR0_Initialize:
   349                           	opt callstack 0
   350                           
   351 ;; *************** function _TMR0_SetInterruptHandler *****************
   352 ;; Defined at:
   353 ;;		line 134 in file "mcc_generated_files/tmr0.c"
   354 ;; Parameters:    Size  Location     Type
   355 ;;  InterruptHan    3    3[COMRAM] PTR FTN()void 
   356 ;;		 -> TMR0_compareInterrupt(1), TMR0_DefaultInterruptHandler(1), 
   357 ;; Auto vars:     Size  Location     Type
   358 ;;		None
   359 ;; Return value:  Size  Location     Type
   360 ;;                  1    wreg      void 
   361 ;; Registers used:
   362 ;;		wreg, status,2, status,0
   363 ;; Tracked objects:
   364 ;;		On entry : 0/0
   365 ;;		On exit  : 0/0
   366 ;;		Unchanged: 0/0
   367 ;; Data sizes:     COMRAM   BANK0   BANK1   BANK2   BANK3   BANK4   BANK5   BANK6   BANK7   BANK8   BANK9  BANK10  BANK1
      +1  BANK12  BANK14
   368 ;;      Params:         3       0       0       0       0       0       0       0       0       0       0       0       
      +0       0       0
   369 ;;      Locals:         0       0       0       0       0       0       0       0       0       0       0       0       
      +0       0       0
   370 ;;      Temps:          0       0       0       0       0       0       0       0       0       0       0       0       
      +0       0       0
   371 ;;      Totals:         3       0       0       0       0       0       0       0       0       0       0       0       
      +0       0       0
   372 ;;Total ram usage:        3 bytes
   373 ;; Hardware stack levels used:    1
   374 ;; Hardware stack levels required when called:    3
   375 ;; This function calls:
   376 ;;		Nothing
   377 ;; This function is called by:
   378 ;;		_TMR0_Initialize
   379 ;;		_main
   380 ;; This function uses a non-reentrant model
   381 ;;
   382                           
   383                           	psect	text3
   384  00019C                     __ptext3:
   385                           	opt callstack 0
   386  00019C                     _TMR0_SetInterruptHandler:
   387                           	opt callstack 27
   388  00019C                     
   389                           ;mcc_generated_files/tmr0.c: 135:     TMR0_InterruptHandler = InterruptHandler;
   390  00019C  C004  F007         	movff	TMR0_SetInterruptHandler@InterruptHandler,_TMR0_InterruptHandler
   391  0001A0  C005  F008         	movff	TMR0_SetInterruptHandler@InterruptHandler+1,_TMR0_InterruptHandler+1
   392  0001A4  C006  F009         	movff	TMR0_SetInterruptHandler@InterruptHandler+2,_TMR0_InterruptHandler+2
   393  0001A8  0012               	return		;funcret
   394  0001AA                     __end_of_TMR0_SetInterruptHandler:
   395                           	opt callstack 0
   396                           
   397 ;; *************** function _PMD_Initialize *****************
   398 ;; Defined at:
   399 ;;		line 73 in file "mcc_generated_files/mcc.c"
   400 ;; Parameters:    Size  Location     Type
   401 ;;		None
   402 ;; Auto vars:     Size  Location     Type
   403 ;;		None
   404 ;; Return value:  Size  Location     Type
   405 ;;                  1    wreg      void 
   406 ;; Registers used:
   407 ;;		wreg, status,2
   408 ;; Tracked objects:
   409 ;;		On entry : 0/0
   410 ;;		On exit  : 0/0
   411 ;;		Unchanged: 0/0
   412 ;; Data sizes:     COMRAM   BANK0   BANK1   BANK2   BANK3   BANK4   BANK5   BANK6   BANK7   BANK8   BANK9  BANK10  BANK1
      +1  BANK12  BANK14
   413 ;;      Params:         0       0       0       0       0       0       0       0       0       0       0       0       
      +0       0       0
   414 ;;      Locals:         0       0       0       0       0       0       0       0       0       0       0       0       
      +0       0       0
   415 ;;      Temps:          0       0       0       0       0       0       0       0       0       0       0       0       
      +0       0       0
   416 ;;      Totals:         0       0       0       0       0       0       0       0       0       0       0       0       
      +0       0       0
   417 ;;Total ram usage:        0 bytes
   418 ;; Hardware stack levels used:    1
   419 ;; Hardware stack levels required when called:    3
   420 ;; This function calls:
   421 ;;		Nothing
   422 ;; This function is called by:
   423 ;;		_SYSTEM_Initialize
   424 ;; This function uses a non-reentrant model
   425 ;;
   426                           
   427                           	psect	text4
   428  000152                     __ptext4:
   429                           	opt callstack 0
   430  000152                     _PMD_Initialize:
   431                           	opt callstack 26
   432  000152                     
   433                           ;mcc_generated_files/mcc.c: 76:     PMD0 = 0x00;
   434  000152  0E00               	movlw	0
   435  000154  010E               	movlb	14	; () banked
   436  000156  6FDC               	movwf	220,b	;volatile
   437                           
   438                           ;mcc_generated_files/mcc.c: 78:     PMD1 = 0x00;
   439  000158  0E00               	movlw	0
   440  00015A  6FDD               	movwf	221,b	;volatile
   441                           
   442                           ;mcc_generated_files/mcc.c: 80:     PMD2 = 0x00;
   443  00015C  0E00               	movlw	0
   444  00015E  6FDE               	movwf	222,b	;volatile
   445                           
   446                           ;mcc_generated_files/mcc.c: 82:     PMD3 = 0x00;
   447  000160  0E00               	movlw	0
   448  000162  6FDF               	movwf	223,b	;volatile
   449                           
   450                           ;mcc_generated_files/mcc.c: 84:     PMD4 = 0x00;
   451  000164  0E00               	movlw	0
   452  000166  6FE0               	movwf	224,b	;volatile
   453                           
   454                           ;mcc_generated_files/mcc.c: 86:     PMD5 = 0x00;
   455  000168  0E00               	movlw	0
   456  00016A  6FE1               	movwf	225,b	;volatile
   457  00016C                     
   458                           ; BSR set to: 14
   459  00016C  0012               	return		;funcret
   460  00016E                     __end_of_PMD_Initialize:
   461                           	opt callstack 0
   462                           
   463 ;; *************** function _PIN_MANAGER_Initialize *****************
   464 ;; Defined at:
   465 ;;		line 55 in file "mcc_generated_files/pin_manager.c"
   466 ;; Parameters:    Size  Location     Type
   467 ;;		None
   468 ;; Auto vars:     Size  Location     Type
   469 ;;		None
   470 ;; Return value:  Size  Location     Type
   471 ;;                  1    wreg      void 
   472 ;; Registers used:
   473 ;;		wreg, status,2
   474 ;; Tracked objects:
   475 ;;		On entry : 0/0
   476 ;;		On exit  : 0/0
   477 ;;		Unchanged: 0/0
   478 ;; Data sizes:     COMRAM   BANK0   BANK1   BANK2   BANK3   BANK4   BANK5   BANK6   BANK7   BANK8   BANK9  BANK10  BANK1
      +1  BANK12  BANK14
   479 ;;      Params:         0       0       0       0       0       0       0       0       0       0       0       0       
      +0       0       0
   480 ;;      Locals:         0       0       0       0       0       0       0       0       0       0       0       0       
      +0       0       0
   481 ;;      Temps:          0       0       0       0       0       0       0       0       0       0       0       0       
      +0       0       0
   482 ;;      Totals:         0       0       0       0       0       0       0       0       0       0       0       0       
      +0       0       0
   483 ;;Total ram usage:        0 bytes
   484 ;; Hardware stack levels used:    1
   485 ;; Hardware stack levels required when called:    3
   486 ;; This function calls:
   487 ;;		Nothing
   488 ;; This function is called by:
   489 ;;		_SYSTEM_Initialize
   490 ;; This function uses a non-reentrant model
   491 ;;
   492                           
   493                           	psect	text5
   494  000044                     __ptext5:
   495                           	opt callstack 0
   496  000044                     _PIN_MANAGER_Initialize:
   497                           	opt callstack 26
   498  000044                     
   499                           ;mcc_generated_files/pin_manager.c: 60:     LATE = 0x00;
   500  000044  0E00               	movlw	0
   501  000046  6E86               	movwf	134,c	;volatile
   502                           
   503                           ;mcc_generated_files/pin_manager.c: 61:     LATD = 0x00;
   504  000048  0E00               	movlw	0
   505  00004A  6E85               	movwf	133,c	;volatile
   506                           
   507                           ;mcc_generated_files/pin_manager.c: 62:     LATA = 0x00;
   508  00004C  0E00               	movlw	0
   509  00004E  6E82               	movwf	130,c	;volatile
   510                           
   511                           ;mcc_generated_files/pin_manager.c: 63:     LATB = 0x00;
   512  000050  0E00               	movlw	0
   513  000052  6E83               	movwf	131,c	;volatile
   514                           
   515                           ;mcc_generated_files/pin_manager.c: 64:     LATC = 0x00;
   516  000054  0E00               	movlw	0
   517  000056  6E84               	movwf	132,c	;volatile
   518                           
   519                           ;mcc_generated_files/pin_manager.c: 69:     TRISE = 0x06;
   520  000058  0E06               	movlw	6
   521  00005A  6E8B               	movwf	139,c	;volatile
   522  00005C                     
   523                           ;mcc_generated_files/pin_manager.c: 70:     TRISA = 0xFF;
   524  00005C  6887               	setf	135,c	;volatile
   525  00005E                     
   526                           ;mcc_generated_files/pin_manager.c: 71:     TRISB = 0xFF;
   527  00005E  6888               	setf	136,c	;volatile
   528  000060                     
   529                           ;mcc_generated_files/pin_manager.c: 72:     TRISC = 0xFF;
   530  000060  6889               	setf	137,c	;volatile
   531  000062                     
   532                           ;mcc_generated_files/pin_manager.c: 73:     TRISD = 0xFF;
   533  000062  688A               	setf	138,c	;volatile
   534  000064                     
   535                           ;mcc_generated_files/pin_manager.c: 78:     ANSELD = 0xFF;
   536  000064  010F               	movlb	15	; () banked
   537  000066  6921               	setf	33,b	;volatile
   538  000068                     
   539                           ; BSR set to: 15
   540                           ;mcc_generated_files/pin_manager.c: 79:     ANSELC = 0xFF;
   541  000068  691C               	setf	28,b	;volatile
   542  00006A                     
   543                           ; BSR set to: 15
   544                           ;mcc_generated_files/pin_manager.c: 80:     ANSELB = 0xFF;
   545  00006A  6914               	setf	20,b	;volatile
   546                           
   547                           ;mcc_generated_files/pin_manager.c: 81:     ANSELE = 0x07;
   548  00006C  0E07               	movlw	7
   549  00006E  6F29               	movwf	41,b	;volatile
   550  000070                     
   551                           ; BSR set to: 15
   552                           ;mcc_generated_files/pin_manager.c: 82:     ANSELA = 0xFF;
   553  000070  690C               	setf	12,b	;volatile
   554                           
   555                           ;mcc_generated_files/pin_manager.c: 87:     WPUD = 0x00;
   556  000072  0E00               	movlw	0
   557  000074  6F20               	movwf	32,b	;volatile
   558                           
   559                           ;mcc_generated_files/pin_manager.c: 88:     WPUE = 0x00;
   560  000076  0E00               	movlw	0
   561  000078  6F28               	movwf	40,b	;volatile
   562                           
   563                           ;mcc_generated_files/pin_manager.c: 89:     WPUB = 0x00;
   564  00007A  0E00               	movlw	0
   565  00007C  6F13               	movwf	19,b	;volatile
   566                           
   567                           ;mcc_generated_files/pin_manager.c: 90:     WPUA = 0x00;
   568  00007E  0E00               	movlw	0
   569  000080  6F0B               	movwf	11,b	;volatile
   570                           
   571                           ;mcc_generated_files/pin_manager.c: 91:     WPUC = 0x00;
   572  000082  0E00               	movlw	0
   573  000084  6F1B               	movwf	27,b	;volatile
   574                           
   575                           ;mcc_generated_files/pin_manager.c: 96:     ODCONE = 0x00;
   576  000086  0E00               	movlw	0
   577  000088  6F27               	movwf	39,b	;volatile
   578                           
   579                           ;mcc_generated_files/pin_manager.c: 97:     ODCONA = 0x00;
   580  00008A  0E00               	movlw	0
   581  00008C  6F0A               	movwf	10,b	;volatile
   582                           
   583                           ;mcc_generated_files/pin_manager.c: 98:     ODCONB = 0x00;
   584  00008E  0E00               	movlw	0
   585  000090  6F12               	movwf	18,b	;volatile
   586                           
   587                           ;mcc_generated_files/pin_manager.c: 99:     ODCONC = 0x00;
   588  000092  0E00               	movlw	0
   589  000094  6F1A               	movwf	26,b	;volatile
   590                           
   591                           ;mcc_generated_files/pin_manager.c: 100:     ODCOND = 0x00;
   592  000096  0E00               	movlw	0
   593  000098  6F1F               	movwf	31,b	;volatile
   594  00009A                     
   595                           ; BSR set to: 15
   596                           ;mcc_generated_files/pin_manager.c: 105:     SLRCONA = 0xFF;
   597  00009A  6909               	setf	9,b	;volatile
   598  00009C                     
   599                           ; BSR set to: 15
   600                           ;mcc_generated_files/pin_manager.c: 106:     SLRCONB = 0xFF;
   601  00009C  6911               	setf	17,b	;volatile
   602  00009E                     
   603                           ; BSR set to: 15
   604                           ;mcc_generated_files/pin_manager.c: 107:     SLRCONC = 0xFF;
   605  00009E  6919               	setf	25,b	;volatile
   606  0000A0                     
   607                           ; BSR set to: 15
   608                           ;mcc_generated_files/pin_manager.c: 108:     SLRCOND = 0xFF;
   609  0000A0  691E               	setf	30,b	;volatile
   610                           
   611                           ;mcc_generated_files/pin_manager.c: 109:     SLRCONE = 0x07;
   612  0000A2  0E07               	movlw	7
   613  0000A4  6F26               	movwf	38,b	;volatile
   614  0000A6                     
   615                           ; BSR set to: 15
   616                           ;mcc_generated_files/pin_manager.c: 114:     INLVLA = 0xFF;
   617  0000A6  6908               	setf	8,b	;volatile
   618  0000A8                     
   619                           ; BSR set to: 15
   620                           ;mcc_generated_files/pin_manager.c: 115:     INLVLB = 0xFF;
   621  0000A8  6910               	setf	16,b	;volatile
   622  0000AA                     
   623                           ; BSR set to: 15
   624                           ;mcc_generated_files/pin_manager.c: 116:     INLVLC = 0xFF;
   625  0000AA  6918               	setf	24,b	;volatile
   626  0000AC                     
   627                           ; BSR set to: 15
   628                           ;mcc_generated_files/pin_manager.c: 117:     INLVLD = 0xFF;
   629  0000AC  691D               	setf	29,b	;volatile
   630                           
   631                           ;mcc_generated_files/pin_manager.c: 118:     INLVLE = 0x0F;
   632  0000AE  0E0F               	movlw	15
   633  0000B0  6F25               	movwf	37,b	;volatile
   634  0000B2                     
   635                           ; BSR set to: 15
   636  0000B2  0012               	return		;funcret
   637  0000B4                     __end_of_PIN_MANAGER_Initialize:
   638                           	opt callstack 0
   639                           
   640 ;; *************** function _OSCILLATOR_Initialize *****************
   641 ;; Defined at:
   642 ;;		line 59 in file "mcc_generated_files/mcc.c"
   643 ;; Parameters:    Size  Location     Type
   644 ;;		None
   645 ;; Auto vars:     Size  Location     Type
   646 ;;		None
   647 ;; Return value:  Size  Location     Type
   648 ;;                  1    wreg      void 
   649 ;; Registers used:
   650 ;;		wreg, status,2
   651 ;; Tracked objects:
   652 ;;		On entry : 0/0
   653 ;;		On exit  : 0/0
   654 ;;		Unchanged: 0/0
   655 ;; Data sizes:     COMRAM   BANK0   BANK1   BANK2   BANK3   BANK4   BANK5   BANK6   BANK7   BANK8   BANK9  BANK10  BANK1
      +1  BANK12  BANK14
   656 ;;      Params:         0       0       0       0       0       0       0       0       0       0       0       0       
      +0       0       0
   657 ;;      Locals:         0       0       0       0       0       0       0       0       0       0       0       0       
      +0       0       0
   658 ;;      Temps:          0       0       0       0       0       0       0       0       0       0       0       0       
      +0       0       0
   659 ;;      Totals:         0       0       0       0       0       0       0       0       0       0       0       0       
      +0       0       0
   660 ;;Total ram usage:        0 bytes
   661 ;; Hardware stack levels used:    1
   662 ;; Hardware stack levels required when called:    3
   663 ;; This function calls:
   664 ;;		Nothing
   665 ;; This function is called by:
   666 ;;		_SYSTEM_Initialize
   667 ;; This function uses a non-reentrant model
   668 ;;
   669                           
   670                           	psect	text6
   671  00016E                     __ptext6:
   672                           	opt callstack 0
   673  00016E                     _OSCILLATOR_Initialize:
   674                           	opt callstack 26
   675  00016E                     
   676                           ;mcc_generated_files/mcc.c: 62:     OSCCON1 = 0x60;
   677  00016E  0E60               	movlw	96
   678  000170  010E               	movlb	14	; () banked
   679  000172  6FD3               	movwf	211,b	;volatile
   680                           
   681                           ;mcc_generated_files/mcc.c: 64:     OSCCON3 = 0x00;
   682  000174  0E00               	movlw	0
   683  000176  6FD5               	movwf	213,b	;volatile
   684                           
   685                           ;mcc_generated_files/mcc.c: 66:     OSCEN = 0x00;
   686  000178  0E00               	movlw	0
   687  00017A  6FD7               	movwf	215,b	;volatile
   688                           
   689                           ;mcc_generated_files/mcc.c: 68:     OSCFRQ = 0x00;
   690  00017C  0E00               	movlw	0
   691  00017E  6FD9               	movwf	217,b	;volatile
   692                           
   693                           ;mcc_generated_files/mcc.c: 70:     OSCTUNE = 0x00;
   694  000180  0E00               	movlw	0
   695  000182  6FD8               	movwf	216,b	;volatile
   696  000184                     
   697                           ; BSR set to: 14
   698  000184  0012               	return		;funcret
   699  000186                     __end_of_OSCILLATOR_Initialize:
   700                           	opt callstack 0
   701                           
   702 ;; *************** function _INTERRUPT_Initialize *****************
   703 ;; Defined at:
   704 ;;		line 52 in file "mcc_generated_files/interrupt_manager.c"
   705 ;; Parameters:    Size  Location     Type
   706 ;;		None
   707 ;; Auto vars:     Size  Location     Type
   708 ;;		None
   709 ;; Return value:  Size  Location     Type
   710 ;;                  1    wreg      void 
   711 ;; Registers used:
   712 ;;		None
   713 ;; Tracked objects:
   714 ;;		On entry : 0/0
   715 ;;		On exit  : 0/0
   716 ;;		Unchanged: 0/0
   717 ;; Data sizes:     COMRAM   BANK0   BANK1   BANK2   BANK3   BANK4   BANK5   BANK6   BANK7   BANK8   BANK9  BANK10  BANK1
      +1  BANK12  BANK14
   718 ;;      Params:         0       0       0       0       0       0       0       0       0       0       0       0       
      +0       0       0
   719 ;;      Locals:         0       0       0       0       0       0       0       0       0       0       0       0       
      +0       0       0
   720 ;;      Temps:          0       0       0       0       0       0       0       0       0       0       0       0       
      +0       0       0
   721 ;;      Totals:         0       0       0       0       0       0       0       0       0       0       0       0       
      +0       0       0
   722 ;;Total ram usage:        0 bytes
   723 ;; Hardware stack levels used:    1
   724 ;; Hardware stack levels required when called:    3
   725 ;; This function calls:
   726 ;;		Nothing
   727 ;; This function is called by:
   728 ;;		_SYSTEM_Initialize
   729 ;; This function uses a non-reentrant model
   730 ;;
   731                           
   732                           	psect	text7
   733  0001B4                     __ptext7:
   734                           	opt callstack 0
   735  0001B4                     _INTERRUPT_Initialize:
   736                           	opt callstack 26
   737  0001B4                     
   738                           ;mcc_generated_files/interrupt_manager.c: 55:     INTCONbits.IPEN = 0;
   739  0001B4  9AF2               	bcf	242,5,c	;volatile
   740  0001B6  0012               	return		;funcret
   741  0001B8                     __end_of_INTERRUPT_Initialize:
   742                           	opt callstack 0
   743                           
   744 ;; *************** function _INTERRUPT_InterruptManager *****************
   745 ;; Defined at:
   746 ;;		line 58 in file "mcc_generated_files/interrupt_manager.c"
   747 ;; Parameters:    Size  Location     Type
   748 ;;		None
   749 ;; Auto vars:     Size  Location     Type
   750 ;;		None
   751 ;; Return value:  Size  Location     Type
   752 ;;                  1    wreg      void 
   753 ;; Registers used:
   754 ;;		wreg, status,2, status,0, pclath, tosl, cstack
   755 ;; Tracked objects:
   756 ;;		On entry : 0/0
   757 ;;		On exit  : 0/0
   758 ;;		Unchanged: 0/0
   759 ;; Data sizes:     COMRAM   BANK0   BANK1   BANK2   BANK3   BANK4   BANK5   BANK6   BANK7   BANK8   BANK9  BANK10  BANK1
      +1  BANK12  BANK14
   760 ;;      Params:         0       0       0       0       0       0       0       0       0       0       0       0       
      +0       0       0
   761 ;;      Locals:         0       0       0       0       0       0       0       0       0       0       0       0       
      +0       0       0
   762 ;;      Temps:          2       0       0       0       0       0       0       0       0       0       0       0       
      +0       0       0
   763 ;;      Totals:         2       0       0       0       0       0       0       0       0       0       0       0       
      +0       0       0
   764 ;;Total ram usage:        2 bytes
   765 ;; Hardware stack levels used:    1
   766 ;; Hardware stack levels required when called:    2
   767 ;; This function calls:
   768 ;;		_TMR0_ISR
   769 ;; This function is called by:
   770 ;;		Interrupt level 2
   771 ;; This function uses a non-reentrant model
   772 ;;
   773                           
   774                           	psect	intcode
   775  000008                     __pintcode:
   776                           	opt callstack 0
   777  000008                     _INTERRUPT_InterruptManager:
   778                           	opt callstack 25
   779                           
   780                           ;incstack = 0
   781  000008  820A               	bsf	int$flags,1,c	;set compiler interrupt flag (level 2)
   782  00000A  CFFA F002          	movff	pclath,??_INTERRUPT_InterruptManager
   783  00000E  CFFB F003          	movff	pclatu,??_INTERRUPT_InterruptManager+1
   784  000012                     
   785                           ;mcc_generated_files/interrupt_manager.c: 61:     if(PIE0bits.TMR0IE == 1 && PIR0bits.TM
      +                          R0IF == 1)
   786  000012  010E               	movlb	14	; () banked
   787  000014  ABBD               	btfss	189,5,b	;volatile
   788  000016  EF0F  F000         	goto	i2u4_41
   789  00001A  EF11  F000         	goto	i2u4_40
   790  00001E                     i2u4_41:
   791  00001E  EF1A  F000         	goto	i2l66
   792  000022                     i2u4_40:
   793  000022                     
   794                           ; BSR set to: 14
   795  000022  ABC5               	btfss	197,5,b	;volatile
   796  000024  EF16  F000         	goto	i2u5_41
   797  000028  EF18  F000         	goto	i2u5_40
   798  00002C                     i2u5_41:
   799  00002C  EF1A  F000         	goto	i2l66
   800  000030                     i2u5_40:
   801  000030                     
   802                           ; BSR set to: 14
   803                           ;mcc_generated_files/interrupt_manager.c: 62:     {;mcc_generated_files/interrupt_manage
      +                          r.c: 63:         TMR0_ISR();
   804  000030  EC5A  F000         	call	_TMR0_ISR	;wreg free
   805  000034                     i2l66:
   806  000034  C003  FFFB         	movff	??_INTERRUPT_InterruptManager+1,pclatu
   807  000038  C002  FFFA         	movff	??_INTERRUPT_InterruptManager,pclath
   808  00003C  920A               	bcf	int$flags,1,c	;clear compiler interrupt flag (level 2)
   809  00003E  0011               	retfie		f
   810  000040                     __end_of_INTERRUPT_InterruptManager:
   811                           	opt callstack 0
   812                           
   813 ;; *************** function _TMR0_ISR *****************
   814 ;; Defined at:
   815 ;;		line 121 in file "mcc_generated_files/tmr0.c"
   816 ;; Parameters:    Size  Location     Type
   817 ;;		None
   818 ;; Auto vars:     Size  Location     Type
   819 ;;		None
   820 ;; Return value:  Size  Location     Type
   821 ;;                  1    wreg      void 
   822 ;; Registers used:
   823 ;;		wreg, status,2, status,0, pclath, tosl, cstack
   824 ;; Tracked objects:
   825 ;;		On entry : 0/0
   826 ;;		On exit  : 0/0
   827 ;;		Unchanged: 0/0
   828 ;; Data sizes:     COMRAM   BANK0   BANK1   BANK2   BANK3   BANK4   BANK5   BANK6   BANK7   BANK8   BANK9  BANK10  BANK1
      +1  BANK12  BANK14
   829 ;;      Params:         0       0       0       0       0       0       0       0       0       0       0       0       
      +0       0       0
   830 ;;      Locals:         0       0       0       0       0       0       0       0       0       0       0       0       
      +0       0       0
   831 ;;      Temps:          0       0       0       0       0       0       0       0       0       0       0       0       
      +0       0       0
   832 ;;      Totals:         0       0       0       0       0       0       0       0       0       0       0       0       
      +0       0       0
   833 ;;Total ram usage:        0 bytes
   834 ;; Hardware stack levels used:    1
   835 ;; Hardware stack levels required when called:    1
   836 ;; This function calls:
   837 ;;		Absolute function
   838 ;;		_TMR0_DefaultInterruptHandler
   839 ;;		_TMR0_compareInterrupt
   840 ;; This function is called by:
   841 ;;		_INTERRUPT_InterruptManager
   842 ;; This function uses a non-reentrant model
   843 ;;
   844                           
   845                           	psect	text9
   846  0000B4                     __ptext9:
   847                           	opt callstack 0
   848  0000B4                     _TMR0_ISR:
   849                           	opt callstack 25
   850  0000B4                     
   851                           ;mcc_generated_files/tmr0.c: 124:     PIR0bits.TMR0IF = 0;
   852  0000B4  010E               	movlb	14	; () banked
   853  0000B6  9BC5               	bcf	197,5,b	;volatile
   854  0000B8                     
   855                           ; BSR set to: 14
   856                           ;mcc_generated_files/tmr0.c: 125:     if(TMR0_InterruptHandler)
   857  0000B8  5007               	movf	_TMR0_InterruptHandler^0,w,c
   858  0000BA  1008               	iorwf	(_TMR0_InterruptHandler+1)^0,w,c
   859  0000BC  1009               	iorwf	(_TMR0_InterruptHandler+2)^0,w,c
   860  0000BE  B4D8               	btfsc	status,2,c
   861  0000C0  EF64  F000         	goto	i2u2_41
   862  0000C4  EF66  F000         	goto	i2u2_40
   863  0000C8                     i2u2_41:
   864  0000C8  EF73  F000         	goto	i2l42
   865  0000CC                     i2u2_40:
   866  0000CC                     
   867                           ; BSR set to: 14
   868                           ;mcc_generated_files/tmr0.c: 126:     {;mcc_generated_files/tmr0.c: 127:         TMR0_In
      +                          terruptHandler();
   869  0000CC  D802               	call	i2u3_48
   870  0000CE  EF73  F000         	goto	i2u3_49
   871  0000D2                     i2u3_48:
   872  0000D2  0005               	push	
   873  0000D4  6EFA               	movwf	pclath,c
   874  0000D6  5007               	movf	_TMR0_InterruptHandler^0,w,c
   875  0000D8  6EFD               	movwf	tosl,c
   876  0000DA  5008               	movf	(_TMR0_InterruptHandler+1)^0,w,c
   877  0000DC  6EFE               	movwf	tosh,c
   878  0000DE  5009               	movf	(_TMR0_InterruptHandler+2)^0,w,c
   879  0000E0  6EFF               	movwf	tosu,c
   880  0000E2  50FA               	movf	pclath,w,c
   881  0000E4  0012               	return		;indir
   882  0000E6                     i2u3_49:
   883  0000E6                     i2l42:
   884  0000E6  0012               	return		;funcret
   885  0000E8                     __end_of_TMR0_ISR:
   886                           	opt callstack 0
   887                           
   888 ;; *************** function _TMR0_DefaultInterruptHandler *****************
   889 ;; Defined at:
   890 ;;		line 138 in file "mcc_generated_files/tmr0.c"
   891 ;; Parameters:    Size  Location     Type
   892 ;;		None
   893 ;; Auto vars:     Size  Location     Type
   894 ;;		None
   895 ;; Return value:  Size  Location     Type
   896 ;;                  1    wreg      void 
   897 ;; Registers used:
   898 ;;		None
   899 ;; Tracked objects:
   900 ;;		On entry : 0/0
   901 ;;		On exit  : 0/0
   902 ;;		Unchanged: 0/0
   903 ;; Data sizes:     COMRAM   BANK0   BANK1   BANK2   BANK3   BANK4   BANK5   BANK6   BANK7   BANK8   BANK9  BANK10  BANK1
      +1  BANK12  BANK14
   904 ;;      Params:         0       0       0       0       0       0       0       0       0       0       0       0       
      +0       0       0
   905 ;;      Locals:         0       0       0       0       0       0       0       0       0       0       0       0       
      +0       0       0
   906 ;;      Temps:          0       0       0       0       0       0       0       0       0       0       0       0       
      +0       0       0
   907 ;;      Totals:         0       0       0       0       0       0       0       0       0       0       0       0       
      +0       0       0
   908 ;;Total ram usage:        0 bytes
   909 ;; Hardware stack levels used:    1
   910 ;; This function calls:
   911 ;;		Nothing
   912 ;; This function is called by:
   913 ;;		_TMR0_Initialize
   914 ;;		_TMR0_ISR
   915 ;; This function uses a non-reentrant model
   916 ;;
   917                           
   918                           	psect	text10
   919  0001B8                     __ptext10:
   920                           	opt callstack 0
   921  0001B8                     _TMR0_DefaultInterruptHandler:
   922                           	opt callstack 25
   923  0001B8  0012               	return		;funcret
   924  0001BA                     __end_of_TMR0_DefaultInterruptHandler:
   925                           	opt callstack 0
   926                           
   927 ;; *************** function _TMR0_compareInterrupt *****************
   928 ;; Defined at:
   929 ;;		line 80 in file "main.c"
   930 ;; Parameters:    Size  Location     Type
   931 ;;		None
   932 ;; Auto vars:     Size  Location     Type
   933 ;;		None
   934 ;; Return value:  Size  Location     Type
   935 ;;                  1    wreg      void 
   936 ;; Registers used:
   937 ;;		wreg, status,2, status,0
   938 ;; Tracked objects:
   939 ;;		On entry : 0/0
   940 ;;		On exit  : 0/0
   941 ;;		Unchanged: 0/0
   942 ;; Data sizes:     COMRAM   BANK0   BANK1   BANK2   BANK3   BANK4   BANK5   BANK6   BANK7   BANK8   BANK9  BANK10  BANK1
      +1  BANK12  BANK14
   943 ;;      Params:         0       0       0       0       0       0       0       0       0       0       0       0       
      +0       0       0
   944 ;;      Locals:         0       0       0       0       0       0       0       0       0       0       0       0       
      +0       0       0
   945 ;;      Temps:          1       0       0       0       0       0       0       0       0       0       0       0       
      +0       0       0
   946 ;;      Totals:         1       0       0       0       0       0       0       0       0       0       0       0       
      +0       0       0
   947 ;;Total ram usage:        1 bytes
   948 ;; Hardware stack levels used:    1
   949 ;; This function calls:
   950 ;;		Nothing
   951 ;; This function is called by:
   952 ;;		_main
   953 ;;		_TMR0_ISR
   954 ;; This function uses a non-reentrant model
   955 ;;
   956                           
   957                           	psect	text11
   958  000110                     __ptext11:
   959                           	opt callstack 0
   960  000110                     _TMR0_compareInterrupt:
   961                           	opt callstack 25
   962  000110  B086               	btfsc	134,0,c	;volatile
   963  000112  EF8D  F000         	goto	i2u1_41
   964  000116  EF90  F000         	goto	i2u1_40
   965  00011A                     i2u1_41:
   966  00011A  0E01               	movlw	1
   967  00011C  EF91  F000         	goto	i2u1_46
   968  000120                     i2u1_40:
   969  000120  0E00               	movlw	0
   970  000122                     i2u1_46:
   971  000122  0AFF               	xorlw	255
   972  000124  6E01               	movwf	??_TMR0_compareInterrupt^0,c
   973  000126  5086               	movf	134,w,c	;volatile
   974  000128  1801               	xorwf	??_TMR0_compareInterrupt^0,w,c
   975  00012A  0BFE               	andlw	-2
   976  00012C  1801               	xorwf	??_TMR0_compareInterrupt^0,w,c
   977  00012E  6E86               	movwf	134,c	;volatile
   978  000130  0012               	return		;funcret
   979  000132                     __end_of_TMR0_compareInterrupt:
   980                           	opt callstack 0
   981  0000                     
   982                           	psect	text12
   983  000000                     __ptext12:
   984                           	opt callstack 0
   985  000000                     
   986                           	psect	rparam
   987  0000                     
   988                           	psect	temp
   989  00000A                     btemp:
   990                           	opt callstack 0
   991  00000A                     	ds	1
   992  0000                     int$flags	set	btemp
   993  0000                     wtemp8	set	btemp+1
   994  0000                     ttemp5	set	btemp+1
   995  0000                     ttemp6	set	btemp+4
   996  0000                     ttemp7	set	btemp+8
   997                           tosu	equ	0xFFF
   998                           tosh	equ	0xFFE
   999                           tosl	equ	0xFFD
  1000                           stkptr	equ	0xFFC
  1001                           pclatu	equ	0xFFB
  1002                           pclath	equ	0xFFA
  1003                           pcl	equ	0xFF9
  1004                           tblptru	equ	0xFF8
  1005                           tblptrh	equ	0xFF7
  1006                           tblptrl	equ	0xFF6
  1007                           tablat	equ	0xFF5
  1008                           prodh	equ	0xFF4
  1009                           prodl	equ	0xFF3
  1010                           indf0	equ	0xFEF
  1011                           postinc0	equ	0xFEE
  1012                           postdec0	equ	0xFED
  1013                           preinc0	equ	0xFEC
  1014                           plusw0	equ	0xFEB
  1015                           fsr0h	equ	0xFEA
  1016                           fsr0l	equ	0xFE9
  1017                           wreg	equ	0xFE8
  1018                           indf1	equ	0xFE7
  1019                           postinc1	equ	0xFE6
  1020                           postdec1	equ	0xFE5
  1021                           preinc1	equ	0xFE4
  1022                           plusw1	equ	0xFE3
  1023                           fsr1h	equ	0xFE2
  1024                           fsr1l	equ	0xFE1
  1025                           bsr	equ	0xFE0
  1026                           indf2	equ	0xFDF
  1027                           postinc2	equ	0xFDE
  1028                           postdec2	equ	0xFDD
  1029                           preinc2	equ	0xFDC
  1030                           plusw2	equ	0xFDB
  1031                           fsr2h	equ	0xFDA
  1032                           fsr2l	equ	0xFD9
  1033                           status	equ	0xFD8


Data Sizes:
    Strings     0
    Constant    0
    Data        0
    BSS         0
    Persistent  3
    Stack       0

Auto Spaces:
    Space          Size  Autos    Used
    COMRAM           94      6       9
    BANK0           160      0       0
    BANK1           256      0       0
    BANK2           256      0       0
    BANK3           256      0       0
    BANK4           256      0       0
    BANK5           256      0       0
    BANK6           256      0       0
    BANK7           256      0       0
    BANK8           256      0       0
    BANK9           256      0       0
    BANK10          256      0       0
    BANK11          256      0       0
    BANK12          256      0       0
    BANK14           31      0       0

Pointer List with Targets:

    TMR0_SetInterruptHandler@InterruptHandler	PTR FTN()void  size(3) Largest target is 1
		 -> TMR0_compareInterrupt(), TMR0_DefaultInterruptHandler(), 

    TMR0_InterruptHandler	PTR FTN()void  size(3) Largest target is 1
		 -> TMR0_compareInterrupt(), Absolute function(), TMR0_DefaultInterruptHandler(), 


Critical Paths under _main in COMRAM

    _main->_TMR0_SetInterruptHandler
    _TMR0_Initialize->_TMR0_SetInterruptHandler

Critical Paths under _INTERRUPT_InterruptManager in COMRAM

    _TMR0_ISR->_TMR0_compareInterrupt

Critical Paths under _main in BANK0

    None.

Critical Paths under _INTERRUPT_InterruptManager in BANK0

    None.

Critical Paths under _main in BANK1

    None.

Critical Paths under _INTERRUPT_InterruptManager in BANK1

    None.

Critical Paths under _main in BANK2

    None.

Critical Paths under _INTERRUPT_InterruptManager in BANK2

    None.

Critical Paths under _main in BANK3

    None.

Critical Paths under _INTERRUPT_InterruptManager in BANK3

    None.

Critical Paths under _main in BANK4

    None.

Critical Paths under _INTERRUPT_InterruptManager in BANK4

    None.

Critical Paths under _main in BANK5

    None.

Critical Paths under _INTERRUPT_InterruptManager in BANK5

    None.

Critical Paths under _main in BANK6

    None.

Critical Paths under _INTERRUPT_InterruptManager in BANK6

    None.

Critical Paths under _main in BANK7

    None.

Critical Paths under _INTERRUPT_InterruptManager in BANK7

    None.

Critical Paths under _main in BANK8

    None.

Critical Paths under _INTERRUPT_InterruptManager in BANK8

    None.

Critical Paths under _main in BANK9

    None.

Critical Paths under _INTERRUPT_InterruptManager in BANK9

    None.

Critical Paths under _main in BANK10

    None.

Critical Paths under _INTERRUPT_InterruptManager in BANK10

    None.

Critical Paths under _main in BANK11

    None.

Critical Paths under _INTERRUPT_InterruptManager in BANK11

    None.

Critical Paths under _main in BANK12

    None.

Critical Paths under _INTERRUPT_InterruptManager in BANK12

    None.

Critical Paths under _main in BANK14

    None.

Critical Paths under _INTERRUPT_InterruptManager in BANK14

    None.

Call Graph Tables:

 ---------------------------------------------------------------------------------
 (Depth) Function   	        Calls       Base Space   Used Autos Params    Refs
 ---------------------------------------------------------------------------------
 (0) _main                                                 0     0      0     348
                  _SYSTEM_Initialize
           _TMR0_SetInterruptHandler
 ---------------------------------------------------------------------------------
 (1) _SYSTEM_Initialize                                    0     0      0     174
               _INTERRUPT_Initialize
              _OSCILLATOR_Initialize
             _PIN_MANAGER_Initialize
                     _PMD_Initialize
                    _TMR0_Initialize
 ---------------------------------------------------------------------------------
 (2) _TMR0_Initialize                                      0     0      0     174
           _TMR0_SetInterruptHandler
 ---------------------------------------------------------------------------------
 (1) _TMR0_SetInterruptHandler                             3     0      3     174
                                              3 COMRAM     3     0      3
 ---------------------------------------------------------------------------------
 (2) _PMD_Initialize                                       0     0      0       0
 ---------------------------------------------------------------------------------
 (2) _PIN_MANAGER_Initialize                               0     0      0       0
 ---------------------------------------------------------------------------------
 (2) _OSCILLATOR_Initialize                                0     0      0       0
 ---------------------------------------------------------------------------------
 (2) _INTERRUPT_Initialize                                 0     0      0       0
 ---------------------------------------------------------------------------------
 Estimated maximum stack depth 2
 ---------------------------------------------------------------------------------
 (Depth) Function   	        Calls       Base Space   Used Autos Params    Refs
 ---------------------------------------------------------------------------------
 (4) _INTERRUPT_InterruptManager                           2     2      0       0
                                              1 COMRAM     2     2      0
                           _TMR0_ISR
 ---------------------------------------------------------------------------------
 (5) _TMR0_ISR                                             0     0      0       0
                   Absolute function *
       _TMR0_DefaultInterruptHandler *
              _TMR0_compareInterrupt *
 ---------------------------------------------------------------------------------
 (6) _TMR0_compareInterrupt                                1     1      0       0
                                              0 COMRAM     1     1      0
 ---------------------------------------------------------------------------------
 (6) _TMR0_DefaultInterruptHandler                         0     0      0       0
 ---------------------------------------------------------------------------------
 (6) Absolute function(Fake)                               0     0      0       0
 ---------------------------------------------------------------------------------
 Estimated maximum stack depth 6
 ---------------------------------------------------------------------------------

 Call Graph Graphs:

 _main (ROOT)
   _SYSTEM_Initialize
     _INTERRUPT_Initialize
     _OSCILLATOR_Initialize
     _PIN_MANAGER_Initialize
     _PMD_Initialize
     _TMR0_Initialize
       _TMR0_SetInterruptHandler
   _TMR0_SetInterruptHandler

 _INTERRUPT_InterruptManager (ROOT)
   _TMR0_ISR
     Absolute function(Fake) *
     _TMR0_DefaultInterruptHandler *
     _TMR0_compareInterrupt *

 Address spaces:
Name               Size   Autos  Total    Cost      Usage
BITCOMRAM           5E      0       0       0        0.0%
EEDATA             400      0       0       0        0.0%
NULL                 0      0       0       0        0.0%
CODE                 0      0       0       0        0.0%
COMRAM              5E      6       9       1        9.6%
STACK                0      0       0       2        0.0%
DATA                 0      0       9       3        0.0%
BITBANK0            A0      0       0       4        0.0%
BANK0               A0      0       0       5        0.0%
BITBANK1           100      0       0       6        0.0%
BANK1              100      0       0       7        0.0%
BITBANK2           100      0       0       8        0.0%
BANK2              100      0       0       9        0.0%
BITBANK3           100      0       0      10        0.0%
BANK3              100      0       0      11        0.0%
BITBANK4           100      0       0      12        0.0%
BANK4              100      0       0      13        0.0%
BITBANK5           100      0       0      14        0.0%
BANK5              100      0       0      15        0.0%
BITBANK6           100      0       0      16        0.0%
BANK6              100      0       0      17        0.0%
BITBANK7           100      0       0      18        0.0%
BANK7              100      0       0      19        0.0%
BITBANK8           100      0       0      20        0.0%
BANK8              100      0       0      21        0.0%
BITBANK9           100      0       0      22        0.0%
BANK9              100      0       0      23        0.0%
BITBANK10          100      0       0      24        0.0%
BANK10             100      0       0      25        0.0%
BITBANK11          100      0       0      26        0.0%
BANK11             100      0       0      27        0.0%
ABS                  0      0       9      28        0.0%
BITBANK12          100      0       0      29        0.0%
BANK12             100      0       0      30        0.0%
BITBANK14           1F      0       0      31        0.0%
BANK14              1F      0       0      32        0.0%
BIGRAM_1            1F      0       0      33        0.0%
BIGRAM             CFF      0       0      34        0.0%
BITSFR_2             0      0       0     200        0.0%
SFR_2                0      0       0     200        0.0%
BITSFR_1             0      0       0     200        0.0%
SFR_1                0      0       0     200        0.0%
BITSFR               0      0       0     200        0.0%
SFR                  0      0       0     200        0.0%


Microchip Technology PIC18 Macro Assembler V2.10 build 88905656 
Symbol Table                                                                                   Thu Apr 02 14:27:12 2020

                             __CFG_CP$OFF 000000                                        l23 010E  
                                      l45 01A8                                        l59 01B6  
                             __CFG_LVP$ON 000000                                       l101 019A  
                                     l104 0184                                       l107 016C  
                                     l180 00B2                                       l198 014A  
                                     l199 014A                                       l900 005C  
                                     l910 0068                                       l902 005E  
                                     l920 009E                                       l912 006A  
                                     l904 0060                                       l930 00AC  
                                     l922 00A0                                       l914 0070  
                                     l906 0062                                       l932 016E  
                                     l924 00A6                                       l916 009A  
                                     l908 0064                                       l926 00A8  
                                     l918 009C                                       l928 00AA  
                                     l980 00F8                                       l894 01B4  
                                     l974 019C                                       l982 00FA  
                                     l990 018E                                       l896 0152  
                                     l984 010A                                       l976 00E8  
                                     l992 0192                                       l898 0044  
                                     l978 00F4                                       l994 0196  
                                     l986 0186                                       l988 018A  
                                     l996 0132                                       l998 0136  
                            __CFG_CPD$OFF 000000                   __size_of_PMD_Initialize 001C  
                                     tosl 000FFD                              __CFG_ZCD$OFF 000000  
                                    l1000 0138                                      _LATA 000F82  
                                    _LATB 000F83                                      _LATC 000F84  
                                    _LATD 000F85                                      _LATE 000F86  
                                    _PMD0 000EDC                                      _PMD1 000EDD  
                                    _PMD2 000EDE                                      _PMD3 000EDF  
                                    _PMD4 000EE0                                      _PMD5 000EE1  
                                    i2l42 00E6                                      i2l48 01B8  
                                    i2l66 0034                                      _WPUA 000F0B  
                                    _WPUB 000F13                                      _WPUC 000F1B  
                                    _WPUD 000F20                                      _WPUE 000F28  
                           __CFG_FCMEN$ON 000000                                      _main 0132  
                                    btemp 000A                                      start 0040  
                           __CFG_CSWEN$ON 000000                              ___param_bank 000000  
                           __CFG_SCANE$ON 000000                   __end_of_TMR0_Initialize 0110  
          ??_TMR0_DefaultInterruptHandler 0001            __size_of_OSCILLATOR_Initialize 0018  
           __end_of_OSCILLATOR_Initialize 0186                                     ?_main 0001  
                           __CFG_WDTE$OFF 000000                                     i2l204 0110  
                                   i2l206 0130                                     i2l940 00CC  
                                   i2l934 0110                                     i2l936 00B4  
                                   i2l938 00B8                                     i2l962 0012  
                                   i2l964 0022                                     i2l966 0030  
                                   _OSCEN 000ED7                                     _TMR0H 000FD3  
                                   _TMR0L 000FD2                                     _TRISA 000F87  
                                   _TRISB 000F88                                     _TRISC 000F89  
                                   _TRISD 000F8A                                     _TRISE 000F8B  
       __size_of_TMR0_SetInterruptHandler 000E                             __CFG_WRT0$OFF 000000  
                           __CFG_WRT1$OFF 000000                             __CFG_WRT2$OFF 000000  
               ?_TMR0_SetInterruptHandler 0004                             __CFG_WRT3$OFF 000000  
                          __CFG_EBTR0$OFF 000000                            __CFG_EBTR1$OFF 000000  
                          __CFG_EBTR2$OFF 000000                            __CFG_EBTR3$OFF 000000  
                  ?_TMR0_compareInterrupt 0001                          __end_of_TMR0_ISR 00E8  
                           __CFG_WRTB$OFF 000000                             __CFG_WRTC$OFF 000000  
                           __CFG_WRTD$OFF 000000                            __CFG_EBTRB$OFF 000000  
                      __CFG_MCLRE$EXTMCLR 000000                                     pclath 000FFA  
                                   ttemp5 000B                                     ttemp6 000E  
                                   ttemp7 0012                                     status 000FD8  
                                   wtemp8 000B                           __initialization 01AA  
                            __end_of_main 0152               ?_INTERRUPT_InterruptManager 0001  
                                  ??_main 0007                             __activetblptr 000003  
                                  _ANSELA 000F0C                                    _ANSELB 000F14  
                                  _ANSELC 000F1C                                    _ANSELD 000F21  
                                  _ANSELE 000F29                                    _T0CON0 000FD4  
                                  _T0CON1 000FD5                                    _ODCONA 000F0A  
                                  _ODCONB 000F12                                    _ODCONC 000F1A  
                                  _ODCOND 000F1F                                    _ODCONE 000F27  
                          __CFG_WDTCCS$SC 000000                                    _INLVLA 000F08  
                                  _INLVLB 000F10                                    _INLVLC 000F18  
                                  _INLVLD 000F1D                                    _INLVLE 000F25  
                                  _OSCFRQ 000ED9                                    i2u1_40 0120  
                                  i2u1_41 011A                                    i2u1_46 0122  
                                  i2u2_40 00CC                                    i2u2_41 00C8  
                                  i2u3_48 00D2                                    i2u4_40 0022  
                                  i2u3_49 00E6                                    i2u4_41 001E  
                                  i2u5_40 0030                                    i2u5_41 002C  
                          __CFG_PWRTE$OFF 000000                            __CFG_XINST$OFF 000000  
               __CFG_RSTOSC$HFINTOSC_1MHZ 000000                            __CFG_STVREN$ON 000000  
                        ?_TMR0_Initialize 0001                            _PMD_Initialize 0152  
TMR0_SetInterruptHandler@InterruptHandler 0004             __size_of_INTERRUPT_Initialize 0004  
                       _SYSTEM_Initialize 0186                                __accesstop 0060  
                 __end_of__initialization 01AA                        ?_SYSTEM_Initialize 0001  
                           ___rparam_used 000001                            __pcstackCOMRAM 0001  
                     ??_SYSTEM_Initialize 0007                                 ?_TMR0_ISR 0001  
                  __end_of_PMD_Initialize 016E                 __end_of_SYSTEM_Initialize 019C  
                              __pnvCOMRAM 0007          __end_of_TMR0_SetInterruptHandler 01AA  
                              ??_TMR0_ISR 0002                           __CFG_PPS1WAY$ON 000000  
                         ?_PMD_Initialize 0001                   ??_TMR0_compareInterrupt 0001  
                                 _OSCCON1 000ED3                                   _OSCCON3 000ED5  
                                 _OSCTUNE 000ED8                                   _SLRCONA 000F09  
                                 _SLRCONB 000F11                                   _SLRCONC 000F19  
                                 _SLRCOND 000F1E                                   _SLRCONE 000F26  
                                 __Hparam 0000                                   __Lparam 0000  
                                 __pcinit 01AA                                   __ramtop 0F00  
                                 __ptext0 0132                                   __ptext1 0186  
                                 __ptext2 00E8                                   __ptext3 019C  
                                 __ptext4 0152                                   __ptext5 0044  
                                 __ptext6 016E                                   __ptext7 01B4  
                                 __ptext9 00B4                     _OSCILLATOR_Initialize 016E  
                ??_PIN_MANAGER_Initialize 0004                __size_of_SYSTEM_Initialize 0016  
                    end_of_initialization 01AA                     __CFG_WDTCPS$WDTCPS_31 000000  
                _TMR0_SetInterruptHandler 019C                          __CFG_FEXTOSC$OFF 000000  
            __end_of_INTERRUPT_Initialize 01B8                         __size_of_TMR0_ISR 0034  
                  ?_OSCILLATOR_Initialize 0001                       start_initialization 01AA  
                __size_of_TMR0_Initialize 0028           __size_of_PIN_MANAGER_Initialize 0070  
                        __CFG_LPBOREN$OFF 000000                          ??_PMD_Initialize 0004  
          __size_of_TMR0_compareInterrupt 0022             __end_of_TMR0_compareInterrupt 0132  
                   _TMR0_InterruptHandler 0007                    _PIN_MANAGER_Initialize 0044  
                               __pintcode 0008              ??_INTERRUPT_InterruptManager 0002  
                    _INTERRUPT_Initialize 01B4                         ??_TMR0_Initialize 0007  
                                _LATEbits 000F86                                  _PIE0bits 000EBD  
     __size_of_INTERRUPT_InterruptManager 0038                ??_TMR0_SetInterruptHandler 0007  
                                _PIR0bits 000EC5                                  _TMR0_ISR 00B4  
                   ?_INTERRUPT_Initialize 0001                  fp__TMR0_compareInterrupt 0000  
                                __Hrparam 0000                                  __Lrparam 0000  
                      __CFG_BOREN$SBORDIS 000000                   ??_OSCILLATOR_Initialize 0004  
                              _T0CON0bits 000FD4                                  __ptext10 01B8  
                                __ptext11 0110                                  __ptext12 0000  
                           __size_of_main 0020      __end_of_TMR0_DefaultInterruptHandler 01BA  
   __size_of_TMR0_DefaultInterruptHandler 0002              _TMR0_DefaultInterruptHandler 01B8  
                    __CFG_WDTCWS$WDTCWS_7 000000                        __CFG_BORV$VBOR_190 000000  
                                int$flags 000A        __end_of_INTERRUPT_InterruptManager 0040  
              _INTERRUPT_InterruptManager 0008                                _INTCONbits 000FF2  
                  ??_INTERRUPT_Initialize 0004                                  intlevel2 0000  
                 ?_PIN_MANAGER_Initialize 0001                         __CFG_CLKOUTEN$OFF 000000  
         fp__TMR0_DefaultInterruptHandler 0000             ?_TMR0_DefaultInterruptHandler 0001  
                         _TMR0_Initialize 00E8                     _TMR0_compareInterrupt 0110  
          __end_of_PIN_MANAGER_Initialize 00B4  
